2019-04-17 09:20:23,604 [Worker-7] INFO  c.g.t.t.d.PublishedGradleVersions - Gradle version information cache is up-to-date. Trying to read.
2019-04-17 09:21:22,969 [Worker-7] INFO  o.e.m.c.i.l.LifecycleMappingFactory - Using org.eclipse.m2e.jdt.JarLifecycleMapping lifecycle mapping for MavenProject: eJagruti:CucumberFramework:0.0.1-SNAPSHOT @ E:\selenium\Workspace\New_framework_cucumber\New_Cucumber\pom.xml.
2019-04-17 09:21:34,539 [Worker-7] INFO  o.e.m.j.i.AbstractJavaProjectConfigurator - Adding source folder /New_Cucumber/src/main/java
2019-04-17 09:21:34,541 [Worker-7] INFO  o.e.m.j.i.AbstractJavaProjectConfigurator - Adding resource folder /New_Cucumber/src/main/resources
2019-04-17 09:21:34,544 [Worker-7] INFO  o.e.m.j.i.AbstractJavaProjectConfigurator - Adding source folder /New_Cucumber/src/test/java
2019-04-17 09:21:34,545 [Worker-7] INFO  o.e.m.j.i.AbstractJavaProjectConfigurator - Adding resource folder /New_Cucumber/src/test/resources
2019-04-17 09:21:35,990 [Worker-7] INFO  o.e.m.c.i.p.ProjectConfigurationManager - Imported and configured 1 project(s) in 21 sec
2019-04-17 09:21:40,362 [Worker-10] INFO  o.e.m.c.i.embedder.EclipseLogger - Using 'UTF-8' encoding to copy filtered resources.
2019-04-17 09:21:40,368 [Worker-10] INFO  o.e.m.c.i.embedder.EclipseLogger - Copying 0 resource
2019-04-17 09:21:40,371 [Worker-10] INFO  o.e.m.c.i.embedder.EclipseLogger - Using 'UTF-8' encoding to copy filtered resources.
2019-04-17 09:21:40,373 [Worker-10] INFO  o.e.m.c.i.embedder.EclipseLogger - Copying 9 resources
2019-04-17 09:24:29,501 [Worker-3] INFO  o.e.m.c.i.embedder.EclipseLogger - Using 'UTF-8' encoding to copy filtered resources.
2019-04-17 09:24:29,504 [Worker-3] INFO  o.e.m.c.i.embedder.EclipseLogger - Copying 0 resource
2019-04-17 09:24:29,507 [Worker-3] INFO  o.e.m.c.i.embedder.EclipseLogger - Using 'UTF-8' encoding to copy filtered resources.
2019-04-17 09:24:29,518 [Worker-3] INFO  o.e.m.c.i.embedder.EclipseLogger - Copying 9 resources
2019-04-17 09:24:45,346 [Worker-2] INFO  o.e.m.c.i.embedder.EclipseLogger - Using 'UTF-8' encoding to copy filtered resources.
2019-04-17 09:24:45,347 [Worker-2] INFO  o.e.m.c.i.embedder.EclipseLogger - Copying 0 resource
2019-04-17 09:24:45,349 [Worker-2] INFO  o.e.m.c.i.embedder.EclipseLogger - Using 'UTF-8' encoding to copy filtered resources.
2019-04-17 09:24:45,351 [Worker-2] INFO  o.e.m.c.i.embedder.EclipseLogger - Copying 9 resources
2019-04-17 09:24:50,931 [Worker-15] INFO  o.e.m.c.i.embedder.EclipseLogger - Using 'UTF-8' encoding to copy filtered resources.
2019-04-17 09:24:50,931 [Worker-15] INFO  o.e.m.c.i.embedder.EclipseLogger - Copying 0 resource
2019-04-17 09:24:50,933 [Worker-15] INFO  o.e.m.c.i.embedder.EclipseLogger - Using 'UTF-8' encoding to copy filtered resources.
2019-04-17 09:24:50,934 [Worker-15] INFO  o.e.m.c.i.embedder.EclipseLogger - Copying 0 resource
2019-04-17 09:33:26,554 [Worker-6] INFO  o.e.m.c.i.embedder.EclipseLogger - Using 'UTF-8' encoding to copy filtered resources.
2019-04-17 09:33:26,555 [Worker-6] INFO  o.e.m.c.i.embedder.EclipseLogger - Copying 0 resource
2019-04-17 09:33:26,557 [Worker-6] INFO  o.e.m.c.i.embedder.EclipseLogger - Using 'UTF-8' encoding to copy filtered resources.
2019-04-17 09:33:26,560 [Worker-6] INFO  o.e.m.c.i.embedder.EclipseLogger - Copying 9 resources
